2026-06-03 19:48:45,361 INFO root App Started
2026-06-03 20:00:31,403 INFO root App Started
2026-06-03 20:05:51,281 INFO root App Started
2026-06-03 20:06:29,891 INFO root App Started
2026-06-03 20:06:44,032 ERROR root permission denied for table warehouses
Traceback (most recent call last):
  File "/home/student/Public/PostgreSQL-Project/src/main.py", line 49, in main
    cmd.handler(**args)
  File "/home/student/Public/PostgreSQL-Project/src/handlers/warehouses.py", line 78, in list_warehouses
    cur.execute("SELECT * FROM catalog.warehouses")
  File "/home/student/Public/PostgreSQL-Project/venv/lib/python3.10/site-packages/psycopg/cursor.py", line 117, in execute
    raise ex.with_traceback(None)
psycopg.errors.InsufficientPrivilege: permission denied for table warehouses
2026-06-03 20:09:16,931 ERROR root permission denied for table warehouses
Traceback (most recent call last):
  File "/home/student/Public/PostgreSQL-Project/src/main.py", line 49, in main
    cmd.handler(**args)
  File "/home/student/Public/PostgreSQL-Project/src/handlers/warehouses.py", line 78, in list_warehouses
    cur.execute("SELECT * FROM catalog.warehouses")
  File "/home/student/Public/PostgreSQL-Project/venv/lib/python3.10/site-packages/psycopg/cursor.py", line 117, in execute
    raise ex.with_traceback(None)
psycopg.errors.InsufficientPrivilege: permission denied for table warehouses
2026-06-03 20:17:33,700 INFO root App Started
2026-06-03 20:34:24,991 INFO root App Started
2026-06-03 20:35:07,312 ERROR root 'Connection' object has no attribute 'fetchone'
Traceback (most recent call last):
  File "/home/student/Public/PostgreSQL-Project/src/main.py", line 49, in main
    cmd.handler(**args)
  File "/home/student/Public/PostgreSQL-Project/src/handlers/warehouses.py", line 120, in add_warehouse
    warehouse = conn.fetchone()
AttributeError: 'Connection' object has no attribute 'fetchone'
2026-06-03 20:38:34,772 INFO root App Started
2026-06-03 20:38:53,258 ERROR root unable to render bool; a string or other renderable object is required
Traceback (most recent call last):
  File "/home/student/Public/PostgreSQL-Project/src/main.py", line 49, in main
    cmd.handler(**args)
  File "/home/student/Public/PostgreSQL-Project/src/handlers/warehouses.py", line 84, in list_warehouses
    table.add_row(
  File "/home/student/Public/PostgreSQL-Project/venv/lib/python3.10/site-packages/rich/table.py", line 464, in add_row
    raise errors.NotRenderableError(
rich.errors.NotRenderableError: unable to render bool; a string or other renderable object is required
2026-06-03 20:41:47,806 INFO root App Started
2026-06-03 20:47:53,235 INFO root App Started
2026-06-03 20:49:14,120 INFO root App Started
2026-06-03 20:51:38,883 INFO root App Started
2026-06-03 20:51:57,164 ERROR root the query has 0 placeholders but 2 parameters were passed
Traceback (most recent call last):
  File "/home/student/Public/PostgreSQL-Project/src/main.py", line 49, in main
    cmd.handler(**args)
  File "/home/student/Public/PostgreSQL-Project/src/handlers/warehouses.py", line 133, in add_warehouse
    conn.execute(
  File "/home/student/Public/PostgreSQL-Project/venv/lib/python3.10/site-packages/psycopg/connection.py", line 300, in execute
    raise ex.with_traceback(None)
psycopg.ProgrammingError: the query has 0 placeholders but 2 parameters were passed
